#
# There is insufficient memory for the Java Runtime Environment to continue.
# Native memory allocation (malloc) failed to allocate 1048576 bytes for AllocateHeap
# Possible reasons:
#   The system is out of physical RAM or swap space
#   The process is running with CompressedOops enabled, and the Java Heap may be blocking the growth of the native heap
# Possible solutions:
#   Reduce memory load on the system
#   Increase physical memory or swap space
#   Check if swap backing store is full
#   Decrease Java heap size (-Xmx/-Xms)
#   Decrease number of Java threads
#   Decrease Java thread stack sizes (-Xss)
#   Set larger code cache with -XX:ReservedCodeCacheSize=
#   JVM is running with Unscaled Compressed Oops mode in which the Java heap is
#     placed in the first 4GB address space. The Java Heap base address is the
#     maximum limit for the native heap growth. Please use -XX:HeapBaseMinAddress
#     to set the Java Heap base and to place the Java Heap above 4GB virtual address.
# This output file may be truncated or incomplete.
#
#  Out of Memory Error (memory/allocation.inline.hpp:61), pid=7544, tid=0x0000000000002900
#
# JRE version:  (8.0_271-b09) (build )
# Java VM: Java HotSpot(TM) 64-Bit Server VM (25.271-b09 mixed mode windows-amd64 compressed oops)
# Failed to write core dump. Minidumps are not enabled by default on client versions of Windows
#

---------------  T H R E A D  ---------------

Current thread (0x00000230bd5fe000):  JavaThread "Unknown thread" [_thread_in_vm, id=10496, stack(0x00000033e0e00000,0x00000033e0f00000)]

Stack: [0x00000033e0e00000,0x00000033e0f00000]
Native frames: (J=compiled Java code, j=interpreted, Vv=VM code, C=native code)
V  [jvm.dll+0x33f6c9]
V  [jvm.dll+0x286122]
V  [jvm.dll+0x286dcd]
V  [jvm.dll+0x27d805]
V  [jvm.dll+0x1565d]
V  [jvm.dll+0x3da1f7]
V  [jvm.dll+0x3d6637]
V  [jvm.dll+0x10cfff]
V  [jvm.dll+0x21ab2b]
V  [jvm.dll+0x2494e7]
V  [jvm.dll+0x172a76]
C  [java.exe+0x2312]
C  [java.exe+0x15f54]
C  [KERNEL32.DLL+0x17034]
C  [ntdll.dll+0x4d0d1]


---------------  P R O C E S S  ---------------

Java Threads: ( => current thread )

Other Threads:

=>0x00000230bd5fe000 (exited) JavaThread "Unknown thread" [_thread_in_vm, id=10496, stack(0x00000033e0e00000,0x00000033e0f00000)]

VM state:not at safepoint (normal execution)

VM Mutex/Monitor currently owned by a thread: None

heap address: 0x000000008a400000, size: 1884 MB, Compressed Oops mode: 32-bit
Narrow klass base: 0x0000000000000000, Narrow klass shift: 3
Compressed class space size: 1073741824 Address: 0x0000000100000000

Heap:
 PSYoungGen      total 35328K, used 614K [0x00000000d8c00000, 0x00000000db300000, 0x0000000100000000)
  eden space 30720K, 2% used [0x00000000d8c00000,0x00000000d8c999a8,0x00000000daa00000)
  from space 4608K, 0% used [0x00000000dae80000,0x00000000dae80000,0x00000000db300000)
  to   space 4608K, 0% used [0x00000000daa00000,0x00000000daa00000,0x00000000dae80000)
 ParOldGen       total 80896K, used 0K [0x000000008a400000, 0x000000008f300000, 0x00000000d8c00000)
  object space 80896K, 0% used [0x000000008a400000,0x000000008a400000,0x000000008f300000)
 Metaspace       used 776K, capacity 4480K, committed 4480K, reserved 1056768K
  class space    used 76K, capacity 384K, committed 384K, reserved 1048576K

Card table byte_map: [0x00000230ce390000,0x00000230ce740000] byte_map_base: 0x00000230cdf3e000

Marking Bits: (ParMarkBitMap*) 0x00000000538c7fe0
 Begin Bits: [0x00000230ce9c0000, 0x00000230d0730000)
 End Bits:   [0x00000230d0730000, 0x00000230d24a0000)

Polling page: 0x00000230befa0000

CodeCache: size=245760Kb used=327Kb max_used=327Kb free=245432Kb
 bounds [0x00000230befd0000, 0x00000230bf240000, 0x00000230cdfd0000]
 total_blobs=57 nmethods=0 adapters=38
 compilation: enabled

Compilation events (0 events):
No events

GC Heap History (0 events):
No events

Deoptimization events (0 events):
No events

Classes redefined (0 events):
No events

Internal exceptions (0 events):
No events

Events (10 events):
Event: 0.043 loading class java/lang/Short
Event: 0.043 loading class java/lang/Short done
Event: 0.043 loading class java/lang/Integer
Event: 0.043 loading class java/lang/Integer done
Event: 0.043 loading class java/lang/Long
Event: 0.043 loading class java/lang/Long done
Event: 0.044 loading class java/lang/NullPointerException
Event: 0.044 loading class java/lang/NullPointerException done
Event: 0.044 loading class java/lang/ArithmeticException
Event: 0.044 loading class java/lang/ArithmeticException done


Dynamic libraries:
0x00007ff6e8540000 - 0x00007ff6e8587000 	C:\Program Files\Java\jdk1.8.0_271\jre\bin\java.exe
0x00007ffc177f0000 - 0x00007ffc179e6000 	C:\Windows\SYSTEM32\ntdll.dll
0x00007ffc165a0000 - 0x00007ffc1665d000 	C:\Windows\System32\KERNEL32.DLL
0x00007ffc15170000 - 0x00007ffc15439000 	C:\Windows\System32\KERNELBASE.dll
0x00007ffc169b0000 - 0x00007ffc16a5c000 	C:\Windows\System32\ADVAPI32.dll
0x00007ffc15960000 - 0x00007ffc159fe000 	C:\Windows\System32\msvcrt.dll
0x00007ffc16490000 - 0x00007ffc1652c000 	C:\Windows\System32\sechost.dll
0x00007ffc15c10000 - 0x00007ffc15d3b000 	C:\Windows\System32\RPCRT4.dll
0x00007ffc16660000 - 0x00007ffc16800000 	C:\Windows\System32\USER32.dll
0x00007ffc15140000 - 0x00007ffc15162000 	C:\Windows\System32\win32u.dll
0x00007ffc17340000 - 0x00007ffc1736a000 	C:\Windows\System32\GDI32.dll
0x00007ffc14f30000 - 0x00007ffc1503b000 	C:\Windows\System32\gdi32full.dll
0x00007ffc15520000 - 0x00007ffc155bd000 	C:\Windows\System32\msvcp_win.dll
0x00007ffc15040000 - 0x00007ffc15140000 	C:\Windows\System32\ucrtbase.dll
0x00007ffc041c0000 - 0x00007ffc0445b000 	C:\Windows\WinSxS\amd64_microsoft.windows.common-controls_6595b64144ccf1df_6.0.19041.746_none_ca02b4b61b8320a4\COMCTL32.dll
0x00007ffc17080000 - 0x00007ffc170b0000 	C:\Windows\System32\IMM32.DLL
0x00007ffc0d9f0000 - 0x00007ffc0da05000 	C:\Program Files\Java\jdk1.8.0_271\jre\bin\vcruntime140.dll
0x00007ffbde6b0000 - 0x00007ffbde74b000 	C:\Program Files\Java\jdk1.8.0_271\jre\bin\msvcp140.dll
0x00000000530d0000 - 0x000000005393f000 	C:\Program Files\Java\jdk1.8.0_271\jre\bin\server\jvm.dll
0x00007ffc17300000 - 0x00007ffc17308000 	C:\Windows\System32\PSAPI.DLL
0x00007ffc09ce0000 - 0x00007ffc09d07000 	C:\Windows\SYSTEM32\WINMM.dll
0x00007ffc10370000 - 0x00007ffc10379000 	C:\Windows\SYSTEM32\WSOCK32.dll
0x00007ffc16530000 - 0x00007ffc1659b000 	C:\Windows\System32\WS2_32.dll
0x00007ffc12d80000 - 0x00007ffc12d8a000 	C:\Windows\SYSTEM32\VERSION.dll
0x00007ffc137d0000 - 0x00007ffc137e2000 	C:\Windows\SYSTEM32\kernel.appcore.dll
0x00007ffc0ead0000 - 0x00007ffc0eae0000 	C:\Program Files\Java\jdk1.8.0_271\jre\bin\verify.dll
0x00007ffc0a8b0000 - 0x00007ffc0a8db000 	C:\Program Files\Java\jdk1.8.0_271\jre\bin\java.dll
0x00007ffbfec80000 - 0x00007ffbfec98000 	C:\Program Files\Java\jdk1.8.0_271\jre\bin\zip.dll
0x00007ffc12290000 - 0x00007ffc12474000 	C:\Windows\SYSTEM32\dbghelp.dll
0x00007ffc157d0000 - 0x00007ffc15850000 	C:\Windows\System32\bcryptPrimitives.dll

VM Arguments:
java_command: C:\Users\LENOVO\AppData\Local\Temp\surefire8656111858988282318\surefirebooter8560876053109205094.jar C:\Users\LENOVO\AppData\Local\Temp\surefire8656111858988282318 2021-02-03T10-39-53_930-jvmRun1 surefire7322832605776077915tmp surefire_08987023465608919968tmp
java_class_path (initial): C:\Users\LENOVO\AppData\Local\Temp\surefire8656111858988282318\surefirebooter8560876053109205094.jar
Launcher Type: SUN_STANDARD

Environment Variables:
PATH=C:\Program Files (x86)\Common Files\Oracle\Java\javapath;C:\Program Files (x86)\Razer\ChromaBroadcast\bin;C:\Program Files\Razer\ChromaBroadcast\bin;C:\Windows\system32;C:\Windows;C:\Windows\System32\Wbem;C:\Windows\System32\WindowsPowerShell\v1.0\;C:\Windows\System32\OpenSSH\;C:\Windows\system32\config\systemprofile\AppData\Local\Microsoft\WindowsApps;C:\Program Files\Microsoft VS Code\bin;C:\Program Files\Git\cmd;C:\Program Files\nodejs\;C:\Program Files\Docker\Docker\resources\bin;C:\ProgramData\DockerDesktop\version-bin;C:\Program Files\MySQL\MySQL Shell 8.0\bin\;C:\Users\LENOVO\AppData\Local\Microsoft\WindowsApps;;C:\Program Files\JetBrains\IntelliJ IDEA 2020.3.1\bin;;C:\Users\LENOVO\AppData\Roaming\npm
USERNAME=LENOVO
OS=Windows_NT
PROCESSOR_IDENTIFIER=AMD64 Family 23 Model 96 Stepping 1, AuthenticAMD



---------------  S Y S T E M  ---------------

OS: Windows 10.0 , 64 bit Build 19041 (10.0.19041.662)

CPU:total 16 (initial active 16) (16 cores per cpu, 1 threads per core) family 23 model 96 stepping 1, cmov, cx8, fxsr, mmx, sse, sse2, sse3, ssse3, sse4.1, sse4.2, popcnt, avx, avx2, aes, clmul, mmxext, 3dnowpref, lzcnt, sse4a, tsc, tscinvbit, tscinv, bmi1

Memory: 4k page, physical 7714104k(168480k free), swap 22704052k(4532k free)

vm_info: Java HotSpot(TM) 64-Bit Server VM (25.271-b09) for windows-amd64 JRE (1.8.0_271-b09), built on Sep 16 2020 19:14:59 by "" with MS VC++ 15.9 (VS2017)

time: Wed Feb  3 10:39:54 2021
timezone: India Standard Time
elapsed time: 0.066431 seconds (0d 0h 0m 0s)

